app/build/outputs/logs/manifest-merger-debug-report.txt
-- Merging decision tree log ---
manifest
ADDED from src\main\AndroidManifest.xml:2:1-997:12
	package
		ADDED from src\main\AndroidManifest.xml:4:5-25
		INJECTED from src\main\AndroidManifest.xml
		INJECTED from src\main\AndroidManifest.xml
	android:versionName
		ADDED from src\main\AndroidManifest.xml:6:5-32
		INJECTED from src\main\AndroidManifest.xml
		INJECTED from src\main\AndroidManifest.xml
	xmlns:tools
		ADDED from src\main\AndroidManifest.xml:3:5-51
	android:versionCode
		ADDED from src\main\AndroidManifest.xml:5:5-30
		INJECTED from src\main\AndroidManifest.xml
		INJECTED from src\main\AndroidManifest.xml
	xmlns:android
		ADDED from src\main\AndroidManifest.xml:2:11-69
uses-sdk
ADDED from src\main\AndroidManifest.xml:8:5-10:41
MERGED from [com.android.support:support-v4:20.0.0] AndroidManifest.xml:16:5-42
	android:targetSdkVersion
		ADDED from src\main\AndroidManifest.xml:10:9-38
		INJECTED from src\main\AndroidManifest.xml
		INJECTED from src\main\AndroidManifest.xml
	android:minSdkVersion
		ADDED from src\main\AndroidManifest.xml:9:9-35
		INJECTED from src\main\AndroidManifest.xml
		INJECTED from src\main\AndroidManifest.xml
uses-permission#android.permission.INTERACT_ACROSS_USERS_FULL
ADDED from src\main\AndroidManifest.xml:12:5-85
	android:name
		ADDED from src\main\AndroidManifest.xml:12:22-82
uses-permission#android.permission.CAMERA
ADDED from src\main\AndroidManifest.xml:13:5-65
	android:name
		ADDED from src\main\AndroidManifest.xml:13:22-62
uses-permission#android.permission.VIBRATE
ADDED from src\main\AndroidManifest.xml:14:5-66
	android:name
		ADDED from src\main\AndroidManifest.xml:14:22-63
uses-permission#android.permission.ACCESS_COARSE_LOCATION
ADDED from src\main\AndroidManifest.xml:15:5-81
	android:name
		ADDED from src\main\AndroidManifest.xml:15:22-78
uses-permission#android.permission.ACCESS_FINE_LOCATION
ADDED from src\main\AndroidManifest.xml:16:5-79
	android:name
		ADDED from src\main\AndroidManifest.xml:16:22-76
uses-permission#android.permission.ACCESS_LOCATION_EXTRA_COMMANDS
ADDED from src\main\AndroidManifest.xml:17:5-89
	android:name
		ADDED from src\main\AndroidManifest.xml:17:22-86
uses-permission#android.permission.INTERNET
ADDED from src\main\AndroidManifest.xml:18:5-67
	android:name
		ADDED from src\main\AndroidManifest.xml:18:22-64
uses-permission#android.permission.RECEIVE_SMS
ADDED from src\main\AndroidManifest.xml:19:5-70
	android:name
		ADDED from src\main\AndroidManifest.xml:19:22-67
uses-permission#android.permission.READ_CONTACTS
ADDED from src\main\AndroidManifest.xml:20:5-72
	android:name
		ADDED from src\main\AndroidManifest.xml:20:22-69
uses-permission#android.permission.WRITE_CONTACTS
ADDED from src\main\AndroidManifest.xml:21:5-73
	android:name
		ADDED from src\main\AndroidManifest.xml:21:22-70
uses-permission#android.permission.WRITE_EXTERNAL_STORAGE
ADDED from src\main\AndroidManifest.xml:22:5-81
	android:name
		ADDED from src\main\AndroidManifest.xml:22:22-78
uses-permission#android.permission.ACCESS_NETWORK_STATE
ADDED from src\main\AndroidManifest.xml:23:5-79
	android:name
		ADDED from src\main\AndroidManifest.xml:23:22-76
uses-permission#android.permission.GET_ACCOUNTS
ADDED from src\main\AndroidManifest.xml:24:5-71
	android:name
		ADDED from src\main\AndroidManifest.xml:24:22-68
uses-permission#android.permission.BROADCAST_STICKY
ADDED from src\main\AndroidManifest.xml:25:5-75
	android:name
		ADDED from src\main\AndroidManifest.xml:25:22-72
uses-permission#android.permission.READ_PHONE_STATE
ADDED from src\main\AndroidManifest.xml:26:5-75
	android:name
		ADDED from src\main\AndroidManifest.xml:26:22-72
uses-permission#android.permission.FLASHLIGHT
ADDED from src\main\AndroidManifest.xml:27:5-69
	android:name
		ADDED from src\main\AndroidManifest.xml:27:22-66
uses-permission#android.permission.MOUNT_UNMOUNT_FILESYSTEMS
ADDED from src\main\AndroidManifest.xml:28:5-84
	android:name
		ADDED from src\main\AndroidManifest.xml:28:22-81
uses-permission#android.permission.CALL_PHONE
ADDED from src\main\AndroidManifest.xml:29:5-69
	android:name
		ADDED from src\main\AndroidManifest.xml:29:22-66
uses-permission#android.permission.USE_CREDENTIALS
ADDED from src\main\AndroidManifest.xml:32:5-74
	android:name
		ADDED from src\main\AndroidManifest.xml:32:22-71
uses-permission#android.permission.MANAGE_ACCOUNTS
ADDED from src\main\AndroidManifest.xml:33:5-74
	android:name
		ADDED from src\main\AndroidManifest.xml:33:22-71
uses-permission#android.permission.AUTHENTICATE_ACCOUNTS
ADDED from src\main\AndroidManifest.xml:34:5-80
	android:name
		ADDED from src\main\AndroidManifest.xml:34:22-77
uses-permission#com.android.launcher.permission.READ_SETTINGS
ADDED from src\main\AndroidManifest.xml:35:5-85
	android:name
		ADDED from src\main\AndroidManifest.xml:35:22-82
uses-permission#android.permission.WRITE_SETTINGS
ADDED from src\main\AndroidManifest.xml:36:5-73
	android:name
		ADDED from src\main\AndroidManifest.xml:36:22-70
uses-permission#android.permission.CHANGE_WIFI_STATE
ADDED from src\main\AndroidManifest.xml:37:5-76
	android:name
		ADDED from src\main\AndroidManifest.xml:37:22-73
uses-permission#android.permission.ACCESS_WIFI_STATE
ADDED from src\main\AndroidManifest.xml:38:5-76
	android:name
		ADDED from src\main\AndroidManifest.xml:38:22-73
uses-permission#android.permission.RECORD_AUDIO
ADDED from src\main\AndroidManifest.xml:41:5-71
	android:name
		ADDED from src\main\AndroidManifest.xml:41:22-68
uses-permission#android.permission.GET_TASKS
ADDED from src\main\AndroidManifest.xml:42:5-68
	android:name
		ADDED from src\main\AndroidManifest.xml:42:22-65
uses-permission#android.permission.WAKE_LOCK
ADDED from src\main\AndroidManifest.xml:43:5-68
	android:name
		ADDED from src\main\AndroidManifest.xml:43:22-65
uses-permission#android.permission.MODIFY_AUDIO_SETTINGS
ADDED from src\main\AndroidManifest.xml:44:5-80
	android:name
		ADDED from src\main\AndroidManifest.xml:44:22-77
uses-permission#android.permission.RECEIVE_BOOT_COMPLETED
ADDED from src\main\AndroidManifest.xml:47:5-81
	android:name
		ADDED from src\main\AndroidManifest.xml:47:22-78
uses-permission#android.permission.ACCESS_DOWNLOAD_MANAGER
ADDED from src\main\AndroidManifest.xml:48:5-82
	android:name
		ADDED from src\main\AndroidManifest.xml:48:22-79
uses-permission#android.permission.DOWNLOAD_WITHOUT_NOTIFICATION
ADDED from src\main\AndroidManifest.xml:49:5-88
	android:name
		ADDED from src\main\AndroidManifest.xml:49:22-85
uses-permission#android.permission.DISABLE_KEYGUARD
ADDED from src\main\AndroidManifest.xml:50:5-75
	android:name
		ADDED from src\main\AndroidManifest.xml:50:22-72
application
ADDED from src\main\AndroidManifest.xml:52:5-991:19
MERGED from [com.android.support:support-v4:20.0.0] AndroidManifest.xml:17:5-19
	android:label
		ADDED from src\main\AndroidManifest.xml:56:9-41
	android:allowBackup
		ADDED from src\main\AndroidManifest.xml:54:9-35
	android:icon
		ADDED from src\main\AndroidManifest.xml:55:9-45
	android:theme
		ADDED from src\main\AndroidManifest.xml:57:9-68
	android:name
		ADDED from src\main\AndroidManifest.xml:53:9-45
meta-data#com.baidu.lbsapi.API_KEY
ADDED from src\main\AndroidManifest.xml:60:9-62:56
	android:value
		ADDED from src\main\AndroidManifest.xml:62:13-53
	android:name
		ADDED from src\main\AndroidManifest.xml:61:13-52
service#com.baidu.location.f
ADDED from src\main\AndroidManifest.xml:64:9-68:19
	android:enabled
		ADDED from src\main\AndroidManifest.xml:66:13-35
	android:process
		ADDED from src\main\AndroidManifest.xml:67:13-38
	android:name
		ADDED from src\main\AndroidManifest.xml:65:13-48
meta-data#BaiduMobAd_STAT_ID
ADDED from src\main\AndroidManifest.xml:73:9-75:42
	android:value
		ADDED from src\main\AndroidManifest.xml:75:13-39
	android:name
		ADDED from src\main\AndroidManifest.xml:74:13-46
meta-data#BaiduMobAd_CHANNEL
ADDED from src\main\AndroidManifest.xml:76:9-78:42
	android:value
		ADDED from src\main\AndroidManifest.xml:78:13-39
	android:name
		ADDED from src\main\AndroidManifest.xml:77:13-46
meta-data#BaiduMobAd_EXCEPTION_LOG
ADDED from src\main\AndroidManifest.xml:79:9-81:36
	android:value
		ADDED from src\main\AndroidManifest.xml:81:13-33
	android:name
		ADDED from src\main\AndroidManifest.xml:80:13-52
meta-data#BaiduMobAd_SEND_STRATEGY
ADDED from src\main\AndroidManifest.xml:83:9-85:41
	android:value
		ADDED from src\main\AndroidManifest.xml:85:13-38
	android:name
		ADDED from src\main\AndroidManifest.xml:84:13-52
meta-data#BaiduMobAd_ONLY_WIFI
ADDED from src\main\AndroidManifest.xml:88:9-90:36
	android:value
		ADDED from src\main\AndroidManifest.xml:90:13-33
	android:name
		ADDED from src\main\AndroidManifest.xml:89:13-48
meta-data#BaiduMobAd_CELL_LOCATION
ADDED from src\main\AndroidManifest.xml:91:9-93:37
	android:value
		ADDED from src\main\AndroidManifest.xml:93:13-34
	android:name
		ADDED from src\main\AndroidManifest.xml:92:13-52
meta-data#BaiduMobAd_GPS_LOCATION
ADDED from src\main\AndroidManifest.xml:94:9-96:37
	android:value
		ADDED from src\main\AndroidManifest.xml:96:13-34
	android:name
		ADDED from src\main\AndroidManifest.xml:95:13-51
meta-data#BaiduMobAd_WIFI_LOCATION
ADDED from src\main\AndroidManifest.xml:97:9-99:37
	android:value
		ADDED from src\main\AndroidManifest.xml:99:13-34
	android:name
		ADDED from src\main\AndroidManifest.xml:98:13-52
activity#io.rong.imkit.RongActivity
ADDED from src\main\AndroidManifest.xml:104:9-137:20
	android:screenOrientation
		ADDED from src\main\AndroidManifest.xml:106:13-49
	android:name
		ADDED from src\main\AndroidManifest.xml:105:13-54
intent-filter#android.intent.action.VIEW+android.intent.category.DEFAULT
ADDED from src\main\AndroidManifest.xml:107:13-116:29
action#android.intent.action.VIEW
ADDED from src\main\AndroidManifest.xml:108:17-69
	android:name
		ADDED from src\main\AndroidManifest.xml:108:25-66
category#android.intent.category.DEFAULT
ADDED from src\main\AndroidManifest.xml:110:17-76
	android:name
		ADDED from src\main\AndroidManifest.xml:110:27-73
data
ADDED from src\main\AndroidManifest.xml:112:17-115:45
	android:host
		ADDED from src\main\AndroidManifest.xml:113:21-46
	android:scheme
		ADDED from src\main\AndroidManifest.xml:115:21-42
	android:pathPrefix
		ADDED from src\main\AndroidManifest.xml:114:21-63
activity#io.rong.imkit.RongSingleActivity
ADDED from src\main\AndroidManifest.xml:138:9-152:20
	android:screenOrientation
		ADDED from src\main\AndroidManifest.xml:141:13-49
	android:launchMode
		ADDED from src\main\AndroidManifest.xml:140:13-44
	android:name
		ADDED from src\main\AndroidManifest.xml:139:13-60
activity#io.rong.imkit.RongSecActivity
ADDED from src\main\AndroidManifest.xml:153:9-167:20
	android:screenOrientation
		ADDED from src\main\AndroidManifest.xml:156:13-49
	android:launchMode
		ADDED from src\main\AndroidManifest.xml:155:13-44
	android:name
		ADDED from src\main\AndroidManifest.xml:154:13-57
activity#io.rong.voipkit.activity.CallSideActivity
ADDED from src\main\AndroidManifest.xml:168:9-170:52
	android:screenOrientation
		ADDED from src\main\AndroidManifest.xml:170:13-49
	android:name
		ADDED from src\main\AndroidManifest.xml:169:13-69
activity#io.rong.voipkit.activity.CalledSideActivity
ADDED from src\main\AndroidManifest.xml:171:9-185:20
	android:screenOrientation
		ADDED from src\main\AndroidManifest.xml:174:13-49
	android:excludeFromRecents
		ADDED from src\main\AndroidManifest.xml:173:13-46
	android:name
		ADDED from src\main\AndroidManifest.xml:172:13-71
intent-filter#android.intent.category.DEFAULT+io.rong.voipkit.calledSideActivity.action
ADDED from src\main\AndroidManifest.xml:175:13-184:29
action#io.rong.voipkit.calledSideActivity.action
ADDED from src\main\AndroidManifest.xml:176:17-84
	android:name
		ADDED from src\main\AndroidManifest.xml:176:25-81
service#io.rong.imkit.service.RongIMService
ADDED from src\main\AndroidManifest.xml:187:9-192:19
	android:enabled
		ADDED from src\main\AndroidManifest.xml:189:13-35
	android:exported
		ADDED from src\main\AndroidManifest.xml:190:13-37
	android:priority
		ADDED from src\main\AndroidManifest.xml:191:13-36
	android:name
		ADDED from src\main\AndroidManifest.xml:188:13-63
service#io.rong.imlib.PushService
ADDED from src\main\AndroidManifest.xml:193:9-195:54
	android:process
		ADDED from src\main\AndroidManifest.xml:195:13-51
	android:name
		ADDED from src\main\AndroidManifest.xml:194:13-53
service#io.rong.imlib.RongService
ADDED from src\main\AndroidManifest.xml:196:9-61
	android:name
		ADDED from src\main\AndroidManifest.xml:196:18-58
receiver#io.rong.imlib.PushReceiver
ADDED from src\main\AndroidManifest.xml:198:9-214:20
	android:process
		ADDED from src\main\AndroidManifest.xml:200:13-51
	android:name
		ADDED from src\main\AndroidManifest.xml:199:13-54
intent-filter#io.rong.imlib.action.push.heartbeat
ADDED from src\main\AndroidManifest.xml:201:13-203:29
action#io.rong.imlib.action.push.heartbeat
ADDED from src\main\AndroidManifest.xml:202:17-78
	android:name
		ADDED from src\main\AndroidManifest.xml:202:25-75
intent-filter#android.intent.action.BOOT_COMPLETED+android.net.conn.CONNECTIVITY_CHANGE
ADDED from src\main\AndroidManifest.xml:204:13-207:29
action#android.net.conn.CONNECTIVITY_CHANGE
ADDED from src\main\AndroidManifest.xml:205:17-79
	android:name
		ADDED from src\main\AndroidManifest.xml:205:25-76
action#android.intent.action.BOOT_COMPLETED
ADDED from src\main\AndroidManifest.xml:206:17-79
	android:name
		ADDED from src\main\AndroidManifest.xml:206:25-76
intent-filter#android.intent.action.PACKAGE_ADDED+android.intent.action.PACKAGE_REMOVED
ADDED from src\main\AndroidManifest.xml:208:13-213:29
action#android.intent.action.PACKAGE_ADDED
ADDED from src\main\AndroidManifest.xml:209:17-78
	android:name
		ADDED from src\main\AndroidManifest.xml:209:25-75
action#android.intent.action.PACKAGE_REMOVED
ADDED from src\main\AndroidManifest.xml:210:17-80
	android:name
		ADDED from src\main\AndroidManifest.xml:210:25-77
receiver#com.huiyin.broadcast.MyPushMessageReceiver
ADDED from src\main\AndroidManifest.xml:221:9-230:20
	android:name
		ADDED from src\main\AndroidManifest.xml:221:19-76
intent-filter#com.baidu.android.pushservice.action.MESSAGE+com.baidu.android.pushservice.action.RECEIVE+com.baidu.android.pushservice.action.notification.CLICK
ADDED from src\main\AndroidManifest.xml:222:13-229:29
action#com.baidu.android.pushservice.action.MESSAGE
ADDED from src\main\AndroidManifest.xml:225:17-87
	android:name
		ADDED from src\main\AndroidManifest.xml:225:25-84
action#com.baidu.android.pushservice.action.RECEIVE
ADDED from src\main\AndroidManifest.xml:227:17-87
	android:name
		ADDED from src\main\AndroidManifest.xml:227:25-84
action#com.baidu.android.pushservice.action.notification.CLICK
ADDED from src\main\AndroidManifest.xml:228:17-98
	android:name
		ADDED from src\main\AndroidManifest.xml:228:25-95
receiver#com.baidu.android.pushservice.PushServiceReceiver
ADDED from src\main\AndroidManifest.xml:231:9-240:20
	android:process
		ADDED from src\main\AndroidManifest.xml:233:13-44
	android:name
		ADDED from src\main\AndroidManifest.xml:232:13-77
intent-filter#android.intent.action.BOOT_COMPLETED+android.net.conn.CONNECTIVITY_CHANGE+com.baidu.android.pushservice.action.media.CLICK+com.baidu.android.pushservice.action.notification.SHOW
ADDED from src\main\AndroidManifest.xml:234:13-239:29
action#com.baidu.android.pushservice.action.notification.SHOW
ADDED from src\main\AndroidManifest.xml:237:17-97
	android:name
		ADDED from src\main\AndroidManifest.xml:237:25-94
action#com.baidu.android.pushservice.action.media.CLICK
ADDED from src\main\AndroidManifest.xml:238:17-91
	android:name
		ADDED from src\main\AndroidManifest.xml:238:25-88
receiver#com.baidu.android.pushservice.RegistrationReceiver
ADDED from src\main\AndroidManifest.xml:241:9-253:20
	android:process
		ADDED from src\main\AndroidManifest.xml:243:13-44
	android:name
		ADDED from src\main\AndroidManifest.xml:242:13-78
intent-filter#com.baidu.android.pushservice.action.BIND_SYNC+com.baidu.android.pushservice.action.METHOD
ADDED from src\main\AndroidManifest.xml:244:13-247:29
action#com.baidu.android.pushservice.action.METHOD
ADDED from src\main\AndroidManifest.xml:245:17-86
	android:name
		ADDED from src\main\AndroidManifest.xml:245:25-83
action#com.baidu.android.pushservice.action.BIND_SYNC
ADDED from src\main\AndroidManifest.xml:246:17-89
	android:name
		ADDED from src\main\AndroidManifest.xml:246:25-86
intent-filter#android.intent.action.PACKAGE_REMOVED
ADDED from src\main\AndroidManifest.xml:248:13-252:29
service#com.baidu.android.pushservice.PushService
ADDED from src\main\AndroidManifest.xml:255:9-262:19
	android:process
		ADDED from src\main\AndroidManifest.xml:258:13-44
	android:exported
		ADDED from src\main\AndroidManifest.xml:257:13-36
	android:name
		ADDED from src\main\AndroidManifest.xml:256:13-69
intent-filter#com.baidu.android.pushservice.action.PUSH_SERVICE
ADDED from src\main\AndroidManifest.xml:259:13-261:29
action#com.baidu.android.pushservice.action.PUSH_SERVICE
ADDED from src\main\AndroidManifest.xml:260:17-92
	android:name
		ADDED from src\main\AndroidManifest.xml:260:25-89
meta-data#api_key
ADDED from src\main\AndroidManifest.xml:267:9-269:56
	android:value
		ADDED from src\main\AndroidManifest.xml:269:13-53
	android:name
		ADDED from src\main\AndroidManifest.xml:268:13-35
activity#com.huiyin.ui.StartActivity
ADDED from src\main\AndroidManifest.xml:272:9-281:20
	android:label
		ADDED from src\main\AndroidManifest.xml:274:13-45
	android:theme
		ADDED from src\main\AndroidManifest.xml:275:13-47
	android:name
		ADDED from src\main\AndroidManifest.xml:273:13-55
intent-filter#android.intent.action.MAIN+android.intent.category.LAUNCHER
ADDED from src\main\AndroidManifest.xml:276:13-280:29
action#android.intent.action.MAIN
ADDED from src\main\AndroidManifest.xml:277:17-69
	android:name
		ADDED from src\main\AndroidManifest.xml:277:25-66
category#android.intent.category.LAUNCHER
ADDED from src\main\AndroidManifest.xml:279:17-77
	android:name
		ADDED from src\main\AndroidManifest.xml:279:27-74
activity#com.huiyin.ui.WelcomeActivity
ADDED from src\main\AndroidManifest.xml:282:9-283:20
	android:name
		ADDED from src\main\AndroidManifest.xml:282:19-63
activity#com.huiyin.ui.MainActivity
ADDED from src\main\AndroidManifest.xml:284:9-290:20
	android:screenOrientation
		ADDED from src\main\AndroidManifest.xml:288:13-49
	android:launchMode
		ADDED from src\main\AndroidManifest.xml:287:13-44
	android:exported
		ADDED from src\main\AndroidManifest.xml:286:13-36
	android:windowSoftInputMode
		ADDED from src\main\AndroidManifest.xml:289:13-52
	android:name
		ADDED from src\main\AndroidManifest.xml:285:13-54
activity#com.huiyin.ui.common.CommonConfrimCancelDialog
ADDED from src\main\AndroidManifest.xml:294:9-299:20
	android:screenOrientation
		ADDED from src\main\AndroidManifest.xml:296:13-49
	android:windowSoftInputMode
		ADDED from src\main\AndroidManifest.xml:298:13-54
	android:theme
		ADDED from src\main\AndroidManifest.xml:297:13-56
	android:name
		ADDED from src\main\AndroidManifest.xml:295:13-74
activity#com.huiyin.ui.user.LoginActivity
ADDED from src\main\AndroidManifest.xml:302:9-307:20
	android:screenOrientation
		ADDED from src\main\AndroidManifest.xml:305:13-49
	android:launchMode
		ADDED from src\main\AndroidManifest.xml:304:13-44
	android:windowSoftInputMode
		ADDED from src\main\AndroidManifest.xml:306:13-73
	android:name
		ADDED from src\main\AndroidManifest.xml:303:13-60
activity#com.huiyin.ui.user.RegisterActivity
ADDED from src\main\AndroidManifest.xml:308:9-312:20
	android:screenOrientation
		ADDED from src\main\AndroidManifest.xml:310:13-49
	android:windowSoftInputMode
		ADDED from src\main\AndroidManifest.xml:311:13-73
	android:name
		ADDED from src\main\AndroidManifest.xml:309:13-63
activity#com.huiyin.ui.user.BackPswActivity
ADDED from src\main\AndroidManifest.xml:313:9-317:20
	android:screenOrientation
		ADDED from src\main\AndroidManifest.xml:315:13-49
	android:windowSoftInputMode
		ADDED from src\main\AndroidManifest.xml:316:13-73
	android:name
		ADDED from src\main\AndroidManifest.xml:314:13-62
activity#com.huiyin.ui.user.LeHuJuanActivity
ADDED from src\main\AndroidManifest.xml:318:9-322:20
	android:screenOrientation
		ADDED from src\main\AndroidManifest.xml:320:13-49
	android:windowSoftInputMode
		ADDED from src\main\AndroidManifest.xml:321:13-73
	android:name
		ADDED from src\main\AndroidManifest.xml:319:13-63
activity#com.huiyin.ui.user.MyOrderActivity
ADDED from src\main\AndroidManifest.xml:323:9-328:20
	android:screenOrientation
		ADDED from src\main\AndroidManifest.xml:326:13-49
	android:launchMode
		ADDED from src\main\AndroidManifest.xml:325:13-44
	android:windowSoftInputMode
		ADDED from src\main\AndroidManifest.xml:327:13-73
	android:name
		ADDED from src\main\AndroidManifest.xml:324:13-62
activity#com.huiyin.ui.user.MyBespeakActivity
ADDED from src\main\AndroidManifest.xml:329:9-333:20
	android:screenOrientation
		ADDED from src\main\AndroidManifest.xml:331:13-49
	android:windowSoftInputMode
		ADDED from src\main\AndroidManifest.xml:332:13-73
	android:name
		ADDED from src\main\AndroidManifest.xml:330:13-64
activity#com.huiyin.ui.user.CollectActivity
ADDED from src\main\AndroidManifest.xml:334:9-338:20
	android:screenOrientation
		ADDED from src\main\AndroidManifest.xml:336:13-49
	android:windowSoftInputMode
		ADDED from src\main\AndroidManifest.xml:337:13-73
	android:name
		ADDED from src\main\AndroidManifest.xml:335:13-62
activity#com.huiyin.ui.user.AboutActivity
ADDED from src\main\AndroidManifest.xml:339:9-343:20
	android:screenOrientation
		ADDED from src\main\AndroidManifest.xml:341:13-49
	android:windowSoftInputMode
		ADDED from src\main\AndroidManifest.xml:342:13-73
	android:name
		ADDED from src\main\AndroidManifest.xml:340:13-60
activity#com.huiyin.ui.user.YuYueShenQingActivity
ADDED from src\main\AndroidManifest.xml:344:9-348:20
	android:screenOrientation
		ADDED from src\main\AndroidManifest.xml:346:13-49
	android:windowSoftInputMode
		ADDED from src\main\AndroidManifest.xml:347:13-73
	android:name
		ADDED from src\main\AndroidManifest.xml:345:13-68
activity#com.huiyin.ui.user.ModifyUserNameActivity
ADDED from src\main\AndroidManifest.xml:349:9-354:20
	android:screenOrientation
		ADDED from src\main\AndroidManifest.xml:351:13-49
	android:windowSoftInputMode
		ADDED from src\main\AndroidManifest.xml:353:13-73
	android:theme
		ADDED from src\main\AndroidManifest.xml:352:13-56
	android:name
		ADDED from src\main\AndroidManifest.xml:350:13-69
activity#com.huiyin.ui.user.YuYueDetailActivity
ADDED from src\main\AndroidManifest.xml:355:9-359:20
	android:screenOrientation
		ADDED from src\main\AndroidManifest.xml:357:13-49
	android:windowSoftInputMode
		ADDED from src\main\AndroidManifest.xml:358:13-73
	android:name
		ADDED from src\main\AndroidManifest.xml:356:13-66
activity#com.huiyin.ui.user.AccountManageActivity
ADDED from src\main\AndroidManifest.xml:360:9-365:20
	android:screenOrientation
		ADDED from src\main\AndroidManifest.xml:363:13-49
	android:launchMode
		ADDED from src\main\AndroidManifest.xml:362:13-44
	android:windowSoftInputMode
		ADDED from src\main\AndroidManifest.xml:364:13-73
	android:name
		ADDED from src\main\AndroidManifest.xml:361:13-68
activity#com.huiyin.ui.user.KefuCenterActivity
ADDED from src\main\AndroidManifest.xml:366:9-371:20
	android:screenOrientation
		ADDED from src\main\AndroidManifest.xml:369:13-49
	android:launchMode
		ADDED from src\main\AndroidManifest.xml:368:13-44
	android:windowSoftInputMode
		ADDED from src\main\AndroidManifest.xml:370:13-73
	android:name
		ADDED from src\main\AndroidManifest.xml:367:13-65
activity#com.huiyin.ui.user.SettingActivity
ADDED from src\main\AndroidManifest.xml:372:9-376:20
	android:screenOrientation
		ADDED from src\main\AndroidManifest.xml:374:13-49
	android:windowSoftInputMode
		ADDED from src\main\AndroidManifest.xml:375:13-73
	android:name
		ADDED from src\main\AndroidManifest.xml:373:13-62
activity#com.huiyin.ui.user.OnLineHelpActivity
ADDED from src\main\AndroidManifest.xml:377:9-381:20
	android:screenOrientation
		ADDED from src\main\AndroidManifest.xml:379:13-49
	android:windowSoftInputMode
		ADDED from src\main\AndroidManifest.xml:380:13-73
	android:name
		ADDED from src\main\AndroidManifest.xml:378:13-65
activity#com.huiyin.ui.user.OnLineMsgActivity
ADDED from src\main\AndroidManifest.xml:382:9-386:20
	android:screenOrientation
		ADDED from src\main\AndroidManifest.xml:384:13-49
	android:windowSoftInputMode
		ADDED from src\main\AndroidManifest.xml:385:13-73
	android:name
		ADDED from src\main\AndroidManifest.xml:383:13-64
activity#com.huiyin.ui.user.BindPhoneActivity
ADDED from src\main\AndroidManifest.xml:387:9-391:20
	android:screenOrientation
		ADDED from src\main\AndroidManifest.xml:389:13-49
	android:windowSoftInputMode
		ADDED from src\main\AndroidManifest.xml:390:13-73
	android:name
		ADDED from src\main\AndroidManifest.xml:388:13-64
activity#com.huiyin.ui.user.BindActivity
ADDED from src\main\AndroidManifest.xml:392:9-396:20
	android:screenOrientation
		ADDED from src\main\AndroidManifest.xml:394:13-49
	android:windowSoftInputMode
		ADDED from src\main\AndroidManifest.xml:395:13-73
	android:name
		ADDED from src\main\AndroidManifest.xml:393:13-59
activity#com.huiyin.ui.user.MyJiFenActivity
ADDED from src\main\AndroidManifest.xml:397:9-401:20
	android:screenOrientation
		ADDED from src\main\AndroidManifest.xml:399:13-49
	android:windowSoftInputMode
		ADDED from src\main\AndroidManifest.xml:400:13-73
	android:name
		ADDED from src\main\AndroidManifest.xml:398:13-62
activity#com.huiyin.ui.user.CommonWebPageActivity
ADDED from src\main\AndroidManifest.xml:402:9-406:20
	android:screenOrientation
		ADDED from src\main\AndroidManifest.xml:404:13-49
	android:windowSoftInputMode
		ADDED from src\main\AndroidManifest.xml:405:13-73
	android:name
		ADDED from src\main\AndroidManifest.xml:403:13-68
activity#com.huiyin.ui.home.HuodongWebPageActivity
ADDED from src\main\AndroidManifest.xml:407:9-411:20
	android:screenOrientation
		ADDED from src\main\AndroidManifest.xml:409:13-49
	android:windowSoftInputMode
		ADDED from src\main\AndroidManifest.xml:410:13-73
	android:name
		ADDED from src\main\AndroidManifest.xml:408:13-69
activity#com.huiyin.ui.user.AddressManagementActivity
ADDED from src\main\AndroidManifest.xml:412:9-416:20
	android:screenOrientation
		ADDED from src\main\AndroidManifest.xml:414:13-49
	android:windowSoftInputMode
		ADDED from src\main\AndroidManifest.xml:415:13-73
	android:name
		ADDED from src\main\AndroidManifest.xml:413:13-72
activity#com.huiyin.ui.user.AddressModifyActivity
ADDED from src\main\AndroidManifest.xml:417:9-422:20
	android:screenOrientation
		ADDED from src\main\AndroidManifest.xml:420:13-49
	android:windowSoftInputMode
		ADDED from src\main\AndroidManifest.xml:421:13-91
	android:configChanges
		ADDED from src\main\AndroidManifest.xml:419:13-63
	android:name
		ADDED from src\main\AndroidManifest.xml:418:13-68
activity#com.huiyin.ui.user.MyOrderDetailActivity
ADDED from src\main\AndroidManifest.xml:423:9-428:20
	android:screenOrientation
		ADDED from src\main\AndroidManifest.xml:426:13-49
	android:exported
		ADDED from src\main\AndroidManifest.xml:425:13-36
	android:windowSoftInputMode
		ADDED from src\main\AndroidManifest.xml:427:13-73
	android:name
		ADDED from src\main\AndroidManifest.xml:424:13-68
activity#com.huiyin.ui.user.OrderCommentActivity
ADDED from src\main\AndroidManifest.xml:429:9-433:20
	android:screenOrientation
		ADDED from src\main\AndroidManifest.xml:431:13-49
	android:windowSoftInputMode
		ADDED from src\main\AndroidManifest.xml:432:13-73
	android:name
		ADDED from src\main\AndroidManifest.xml:430:13-67
activity#com.huiyin.ui.user.CommodityCommentActivity
ADDED from src\main\AndroidManifest.xml:434:9-438:20
	android:screenOrientation
		ADDED from src\main\AndroidManifest.xml:436:13-49
	android:windowSoftInputMode
		ADDED from src\main\AndroidManifest.xml:437:13-73
	android:name
		ADDED from src\main\AndroidManifest.xml:435:13-71
activity#com.huiyin.ui.user.ApplyAfterSaleActivity
ADDED from src\main\AndroidManifest.xml:439:9-443:20
	android:screenOrientation
		ADDED from src\main\AndroidManifest.xml:441:13-49
	android:windowSoftInputMode
		ADDED from src\main\AndroidManifest.xml:442:13-73
	android:name
		ADDED from src\main\AndroidManifest.xml:440:13-69
activity#com.huiyin.ui.user.WriteLogisticNumActivity
ADDED from src\main\AndroidManifest.xml:444:9-448:20
	android:screenOrientation
		ADDED from src\main\AndroidManifest.xml:446:13-49
	android:windowSoftInputMode
		ADDED from src\main\AndroidManifest.xml:447:13-73
	android:name
		ADDED from src\main\AndroidManifest.xml:445:13-71
activity#com.huiyin.ui.user.AfterSaleDetailActivity
ADDED from src\main\AndroidManifest.xml:449:9-453:20
	android:screenOrientation
		ADDED from src\main\AndroidManifest.xml:451:13-49
	android:windowSoftInputMode
		ADDED from src\main\AndroidManifest.xml:452:13-73
	android:name
		ADDED from src\main\AndroidManifest.xml:450:13-70
activity#com.huiyin.ui.user.BackgoodsDealStatuActivity
ADDED from src\main\AndroidManifest.xml:454:9-458:20
	android:screenOrientation
		ADDED from src\main\AndroidManifest.xml:456:13-49
	android:windowSoftInputMode
		ADDED from src\main\AndroidManifest.xml:457:13-73
	android:name
		ADDED from src\main\AndroidManifest.xml:455:13-73
activity#com.huiyin.ui.user.CheckLogisticActivity
ADDED from src\main\AndroidManifest.xml:459:9-463:20
	android:screenOrientation
		ADDED from src\main\AndroidManifest.xml:461:13-49
	android:windowSoftInputMode
		ADDED from src\main\AndroidManifest.xml:462:13-73
	android:name
		ADDED from src\main\AndroidManifest.xml:460:13-68
activity#com.huiyin.ui.housekeeper.HkDetailActivity
ADDED from src\main\AndroidManifest.xml:467:9-471:20
	android:screenOrientation
		ADDED from src\main\AndroidManifest.xml:469:13-49
	android:windowSoftInputMode
		ADDED from src\main\AndroidManifest.xml:470:13-73
	android:name